<?xml version="1.0" encoding="UTF-8"?>
<!-- Generated by org.testng.reporters.JUnitReportReporter -->
<testsuite hostname="LAPTOP-CTAEA72L" failures="0" tests="2" name="qaclickacademy.RESTAPITest" time="0.011" errors="0" timestamp="2021-05-08T21:50:20 IST" skipped="0">
  <testcase classname="qaclickacademy.RESTAPITest" name="postJira" time="0.001"/>
  <system-out/>
  <testcase classname="qaclickacademy.RESTAPITest" name="deleteTwitter" time="0.010"/>
  <system-out/>
</testsuite> <!-- qaclickacademy.RESTAPITest -->
