<?xml version="1.0" encoding="UTF-8"?>
<!-- Generated by org.testng.reporters.JUnitReportReporter -->
<testsuite hostname="LAPTOP-CTAEA72L" failures="0" tests="2" name="qaclickacademy.SeleniumTest" time="0.012" errors="0" timestamp="2021-05-08T21:50:29 IST" skipped="0">
  <testcase classname="qaclickacademy.SeleniumTest" name="ElementUI" time="0.002"/>
  <system-out/>
  <testcase classname="qaclickacademy.SeleniumTest" name="BrowserAutomation" time="0.010"/>
  <system-out/>
</testsuite> <!-- qaclickacademy.SeleniumTest -->
