<?xml version="1.0" encoding="UTF-8"?>
<!-- Generated by org.testng.reporters.JUnitReportReporter -->
<testsuite hostname="LAPTOP-CTAEA72L" failures="0" tests="2" name="qaclickacademy.AppiumTest" time="0.011" errors="0" timestamp="2021-05-09T00:31:01 IST" skipped="0">
  <testcase classname="qaclickacademy.AppiumTest" name="IOSapps" time="0.010"/>
  <system-out/>
  <testcase classname="qaclickacademy.AppiumTest" name="NativeApp" time="0.001"/>
  <system-out/>
</testsuite> <!-- qaclickacademy.AppiumTest -->
